a {{1-1 1 2 PIT SFO 10 10}} {0}
a {{2-1 3 4 PIT SFO 10 10}} {0}
a {{3-1 5 6 PIT SFO 10 10}} {0}
b {[1-1 2-1] Alice@Com.com 1 0} {0 0}
b {[1-1 2-1] Alice@Com.com 1 0} {0 0}
b {[1-1 2-1] Alice@Com.com 1 0} {0 0}
b {[1-1 2-1] Alice@Com.com 1 0} {0 0}
b {[1-1 2-1] Alice@Com.com 1 0} {0 0}
b {[2-1 3-1] Bob@Com.com 1 0} {0 0}
b {[2-1 3-1] Bob@Com.com 1 0} {0 0}
b {[2-1 3-1] Bob@Com.com 1 0} {0 0}
b {[2-1 3-1] Bob@Com.com 1 0} {0 0}
b {[2-1 3-1] Bob@Com.com 1 0} {0 0}
b {[1-1 3-1] Alice@Com.com 3 0} {0 0}
c {[1-1 2-1 3-1] Alice@Com.com 1 0} {0 0}
c {[3-1] Bob@Com.com 1 0} {0 0}
b {[1-1 3-1] Alice@Com.com 1 0} {0 0}
c {[1-1 2-1 3-1] Alice@Com.com 1 0} {0 0}
c {[2-1] Alice@Com.com 4 0} {2 0}
d {2-1} {0 [Alice@Com.com Bob@Com.com]}
